Oct 18, 2022 10:38:57 AM co.edu.uniquindio.progiii.subastasquindio.persistencia.ArchivoUtil guardarRegistroLog
INFO: Nicolas_nicolas@gmail.com,Se ha registrado un nuevo usuario,-10-18
Oct 18, 2022 10:39:07 AM co.edu.uniquindio.progiii.subastasquindio.persistencia.ArchivoUtil guardarRegistroLog
INFO: Nicolas,Ha ingresado un usuario,-10-18
Oct 18, 2022 10:53:07 AM co.edu.uniquindio.progiii.subastasquindio.persistencia.ArchivoUtil guardarRegistroLog
INFO: Juan_juan@gmail.com,Se ha registrado un nuevo usuario,-10-18
Oct 18, 2022 10:53:19 AM co.edu.uniquindio.progiii.subastasquindio.persistencia.ArchivoUtil guardarRegistroLog
INFO: Juan,Ha ingresado un usuario,-10-18
Oct 18, 2022 12:11:05 PM co.edu.uniquindio.progiii.subastasquindio.persistencia.ArchivoUtil guardarRegistroLog
INFO: Josh_josh@gmail.com,Se ha registrado un nuevo usuario,-10-18
Oct 18, 2022 12:11:17 PM co.edu.uniquindio.progiii.subastasquindio.persistencia.ArchivoUtil guardarRegistroLog
INFO: Josh,Ha ingresado un usuario,-10-18
Oct 18, 2022 12:18:39 PM co.edu.uniquindio.progiii.subastasquindio.persistencia.ArchivoUtil guardarRegistroLog
INFO: Aaaa_aaa@gmai.com,Se ha registrado un nuevo usuario,-10-18
Oct 18, 2022 12:24:27 PM co.edu.uniquindio.progiii.subastasquindio.persistencia.ArchivoUtil guardarRegistroLog
INFO: Pedro_pedroVende@gmail.com,Se ha registrado un nuevo usuario,-10-18
Oct 18, 2022 12:24:41 PM co.edu.uniquindio.progiii.subastasquindio.persistencia.ArchivoUtil guardarRegistroLog
INFO: Pedro,Ha ingresado un usuario,-10-18
Oct 18, 2022 6:26:54 PM co.edu.uniquindio.progiii.subastasquindio.persistencia.ArchivoUtil guardarRegistroLog
INFO: Jaun_jaun@mail.com,Se ha registrado un nuevo usuario,-10-18
Oct 18, 2022 6:27:07 PM co.edu.uniquindio.progiii.subastasquindio.persistencia.ArchivoUtil guardarRegistroLog
INFO: Jaun,Ha ingresado un usuario,-10-18
Oct 18, 2022 8:11:51 PM co.edu.uniquindio.progiii.subastasquindio.persistencia.ArchivoUtil guardarRegistroLog
WARNING: Seleccione un archivo válido co.edu.uniquindio.progiii.subastasquindio.exceptions.FileNotFoundException: Seleccione un archivo válido,¡Ha ocurrido una excepción!: ,-10-18
Oct 18, 2022 8:13:52 PM co.edu.uniquindio.progiii.subastasquindio.persistencia.ArchivoUtil guardarRegistroLog
WARNING: Seleccione un archivo válido co.edu.uniquindio.progiii.subastasquindio.exceptions.FileNotFoundException: Seleccione un archivo válido,¡Ha ocurrido una excepción!: ,-10-18
Oct 18, 2022 8:14:23 PM co.edu.uniquindio.progiii.subastasquindio.persistencia.ArchivoUtil guardarRegistroLog
WARNING: Seleccione un archivo válido co.edu.uniquindio.progiii.subastasquindio.exceptions.FileNotFoundException: Seleccione un archivo válido,¡Ha ocurrido una excepción!: ,-10-18
Oct 18, 2022 8:16:33 PM co.edu.uniquindio.progiii.subastasquindio.persistencia.ArchivoUtil guardarRegistroLog
WARNING: Seleccione un archivo válido co.edu.uniquindio.progiii.subastasquindio.exceptions.FileNotFoundException: Seleccione un archivo válido,¡Ha ocurrido una excepción!: ,-10-18
Oct 18, 2022 8:17:16 PM co.edu.uniquindio.progiii.subastasquindio.persistencia.ArchivoUtil guardarRegistroLog
WARNING: Seleccione un archivo válido co.edu.uniquindio.progiii.subastasquindio.exceptions.FileNotFoundException: Seleccione un archivo válido,¡Ha ocurrido una excepción!: ,-10-18
